Build started 17/06/2018 3:21:36 CH.
     1>Project "C:\Users\XuanTruong\Desktop\GreenSnake\Snake\Snake\Snake\Snake.vcxproj" on node 2 (Build target(s)).
     1>ClCompile:
         C:\Program Files (x86)\Microsoft Visual Studio 14.0\VC\bin\CL.exe /c /ZI /nologo /W3 /WX- /sdl /Od /Oy- /D _MBCS /Gm /EHsc /RTC1 /MDd /GS /fp:precise /Zc:wchar_t /Zc:forScope /Zc:inline /Fo"Debug\\" /Fd"Debug\vc140.pdb" /Gd /TP /analyze- /errorReport:prompt ENTITIES.cpp GAME.cpp GLOBAL.cpp SNAKE.cpp
         GAME.cpp
         Generating Code...
         Compiling...
         SNAKE.cpp
         GLOBAL.cpp
         ENTITIES.cpp
         Generating Code...
       Link:
         C:\Program Files (x86)\Microsoft Visual Studio 14.0\VC\bin\link.exe /ERRORREPORT:PROMPT /OUT:"C:\Users\XuanTruong\Desktop\GreenSnake\Snake\Snake\Debug\Snake.exe" /INCREMENTAL /NOLOGO kernel32.lib user32.lib gdi32.lib winspool.lib comdlg32.lib advapi32.lib shell32.lib ole32.lib oleaut32.lib uuid.lib odbc32.lib odbccp32.lib /MANIFEST /MANIFESTUAC:"level='asInvoker' uiAccess='false'" /manifest:embed /DEBUG:FASTLINK /PDB:"C:\Users\XuanTruong\Desktop\GreenSnake\Snake\Snake\Debug\Snake.pdb" /TLBID:1 /DYNAMICBASE /NXCOMPAT /IMPLIB:"C:\Users\XuanTruong\Desktop\GreenSnake\Snake\Snake\Debug\Snake.lib" /MACHINE:X86 Debug\ENTITIES.obj
         Debug\GAME.obj
         Debug\GLOBAL.obj
         Debug\GreenSnake.obj
         Debug\SNAKE.obj
         Snake.vcxproj -> C:\Users\XuanTruong\Desktop\GreenSnake\Snake\Snake\Debug\Snake.exe
     1>Done Building Project "C:\Users\XuanTruong\Desktop\GreenSnake\Snake\Snake\Snake\Snake.vcxproj" (Build target(s)).

Build succeeded.

Time Elapsed 00:00:06.98
